0 info it worked if it ends with ok
1 verbose cli [ '/usr/local/bin/node',
1 verbose cli   '/usr/local/bin/npm',
1 verbose cli   'run',
1 verbose cli   'lint:javascript' ]
2 info using npm@3.10.8
3 info using node@v6.9.1
4 verbose run-script [ 'prelint:javascript',
4 verbose run-script   'lint:javascript',
4 verbose run-script   'postlint:javascript' ]
5 info lifecycle santanderx@1.0.0~prelint:javascript: santanderx@1.0.0
6 silly lifecycle santanderx@1.0.0~prelint:javascript: no script for prelint:javascript, continuing
7 info lifecycle santanderx@1.0.0~lint:javascript: santanderx@1.0.0
8 verbose lifecycle santanderx@1.0.0~lint:javascript: unsafe-perm in lifecycle true
9 verbose lifecycle santanderx@1.0.0~lint:javascript: PATH: /usr/local/lib/node_modules/npm/bin/node-gyp-bin:/Users/borja/projects/enredos/polymer/test-redux/node_modules/.bin:/Library/Frameworks/Python.framework/Versions/3.5/bin:/Users/borja/Downloads/google-cloud-sdk/bin:/usr/local/bin:/usr/bin:/bin:/usr/sbin:/sbin
10 verbose lifecycle santanderx@1.0.0~lint:javascript: CWD: /Users/borja/projects/enredos/polymer/test-redux
11 silly lifecycle santanderx@1.0.0~lint:javascript: Args: [ '-c', 'eslint . --ext js,html --ignore-path .gitignore' ]
12 silly lifecycle santanderx@1.0.0~lint:javascript: Returned: code: 1  signal: null
13 info lifecycle santanderx@1.0.0~lint:javascript: Failed to exec lint:javascript script
14 verbose stack Error: santanderx@1.0.0 lint:javascript: `eslint . --ext js,html --ignore-path .gitignore`
14 verbose stack Exit status 1
14 verbose stack     at EventEmitter.<anonymous> (/usr/local/lib/node_modules/npm/lib/utils/lifecycle.js:255:16)
14 verbose stack     at emitTwo (events.js:106:13)
14 verbose stack     at EventEmitter.emit (events.js:191:7)
14 verbose stack     at ChildProcess.<anonymous> (/usr/local/lib/node_modules/npm/lib/utils/spawn.js:40:14)
14 verbose stack     at emitTwo (events.js:106:13)
14 verbose stack     at ChildProcess.emit (events.js:191:7)
14 verbose stack     at maybeClose (internal/child_process.js:877:16)
14 verbose stack     at Process.ChildProcess._handle.onexit (internal/child_process.js:226:5)
15 verbose pkgid santanderx@1.0.0
16 verbose cwd /Users/borja/projects/enredos/polymer/test-redux
17 error Darwin 16.4.0
18 error argv "/usr/local/bin/node" "/usr/local/bin/npm" "run" "lint:javascript"
19 error node v6.9.1
20 error npm  v3.10.8
21 error code ELIFECYCLE
22 error santanderx@1.0.0 lint:javascript: `eslint . --ext js,html --ignore-path .gitignore`
22 error Exit status 1
23 error Failed at the santanderx@1.0.0 lint:javascript script 'eslint . --ext js,html --ignore-path .gitignore'.
23 error Make sure you have the latest version of node.js and npm installed.
23 error If you do, this is most likely a problem with the santanderx package,
23 error not with npm itself.
23 error Tell the author that this fails on your system:
23 error     eslint . --ext js,html --ignore-path .gitignore
23 error You can get information on how to open an issue for this project with:
23 error     npm bugs santanderx
23 error Or if that isn't available, you can get their info via:
23 error     npm owner ls santanderx
23 error There is likely additional logging output above.
24 verbose exit [ 1, true ]
